<?xml version="1.0" encoding="UTF-8" ?>
<testsuite failures="0" time="3.529" errors="0" skipped="0" tests="4" name="no.nki.springws.server.service.HelloServiceTest">
  <properties>
    <property name="java.runtime.name" value="Java(TM) SE Runtime Environment"/>
    <property name="sun.boot.library.path" value="/home/stephane/programs/jdk1.6.0_29/jre/lib/i386"/>
    <property name="java.vm.version" value="20.4-b02"/>
    <property name="java.vm.vendor" value="Sun Microsystems Inc."/>
    <property name="java.vendor.url" value="http://java.sun.com/"/>
    <property name="path.separator" value=":"/>
    <property name="java.vm.name" value="Java HotSpot(TM) Server VM"/>
    <property name="file.encoding.pkg" value="sun.io"/>
    <property name="user.country" value="US"/>
    <property name="sun.java.launcher" value="SUN_STANDARD"/>
    <property name="sun.os.patch.level" value="unknown"/>
    <property name="java.vm.specification.name" value="Java Virtual Machine Specification"/>
    <property name="user.dir" value="/home/stephane/work/nki/dev/java/projects/springws/server"/>
    <property name="java.runtime.version" value="1.6.0_29-b11"/>
    <property name="java.awt.graphicsenv" value="sun.awt.X11GraphicsEnvironment"/>
    <property name="basedir" value="/home/stephane/work/nki/dev/java/projects/springws/server"/>
    <property name="java.endorsed.dirs" value="/home/stephane/programs/jdk1.6.0_29/jre/lib/endorsed"/>
    <property name="os.arch" value="i386"/>
    <property name="surefire.real.class.path" value="/tmp/surefirebooter5588987216720004558.jar"/>
    <property name="java.io.tmpdir" value="/tmp"/>
    <property name="line.separator" value="
"/>
    <property name="java.vm.specification.vendor" value="Sun Microsystems Inc."/>
    <property name="os.name" value="Linux"/>
    <property name="sun.jnu.encoding" value="UTF-8"/>
    <property name="java.library.path" value="/home/stephane/programs/jdk1.6.0_29/jre/lib/i386/server:/home/stephane/programs/jdk1.6.0_29/jre/lib/i386:/home/stephane/programs/jdk1.6.0_29/jre/../lib/i386:/usr/java/packages/lib/i386:/lib:/usr/lib"/>
    <property name="surefire.test.class.path" value="/home/stephane/work/nki/dev/java/projects/springws/server/target/test-classes:/home/stephane/work/nki/dev/java/projects/springws/server/target/classes:/home/stephane/.m2/repository/junit/junit/4.7/junit-4.7.jar:/home/stephane/.m2/repository/org/slf4j/slf4j-api/1.6.1/slf4j-api-1.6.1.jar:/home/stephane/.m2/repository/org/slf4j/slf4j-log4j12/1.6.1/slf4j-log4j12-1.6.1.jar:/home/stephane/.m2/repository/log4j/log4j/1.2.16/log4j-1.2.16.jar:/home/stephane/.m2/repository/javax/mail/mail/1.4/mail-1.4.jar:/home/stephane/.m2/repository/javax/activation/activation/1.1/activation-1.1.jar:/home/stephane/.m2/repository/joda-time/joda-time/1.6/joda-time-1.6.jar:/home/stephane/.m2/repository/commons-lang/commons-lang/2.6/commons-lang-2.6.jar:/home/stephane/.m2/repository/org/apache/tomcat/servlet-api/6.0.35/servlet-api-6.0.35.jar:/home/stephane/.m2/repository/org/apache/cxf/cxf-rt-core/2.5.1/cxf-rt-core-2.5.1.jar:/home/stephane/.m2/repository/org/apache/cxf/cxf-api/2.5.1/cxf-api-2.5.1.jar:/home/stephane/.m2/repository/org/apache/cxf/cxf-common-utilities/2.5.1/cxf-common-utilities-2.5.1.jar:/home/stephane/.m2/repository/org/apache/ws/xmlschema/xmlschema-core/2.0.1/xmlschema-core-2.0.1.jar:/home/stephane/.m2/repository/org/codehaus/woodstox/woodstox-core-asl/4.1.1/woodstox-core-asl-4.1.1.jar:/home/stephane/.m2/repository/org/codehaus/woodstox/stax2-api/3.1.1/stax2-api-3.1.1.jar:/home/stephane/.m2/repository/org/apache/neethi/neethi/3.0.1/neethi-3.0.1.jar:/home/stephane/.m2/repository/wsdl4j/wsdl4j/1.6.2/wsdl4j-1.6.2.jar:/home/stephane/.m2/repository/com/sun/xml/bind/jaxb-impl/2.1.13/jaxb-impl-2.1.13.jar:/home/stephane/.m2/repository/org/apache/geronimo/specs/geronimo-javamail_1.4_spec/1.7.1/geronimo-javamail_1.4_spec-1.7.1.jar:/home/stephane/.m2/repository/org/apache/cxf/cxf-rt-frontend-jaxws/2.5.1/cxf-rt-frontend-jaxws-2.5.1.jar:/home/stephane/.m2/repository/xml-resolver/xml-resolver/1.2/xml-resolver-1.2.jar:/home/stephane/.m2/repository/asm/asm/3.3/asm-3.3.jar:/home/stephane/.m2/repository/org/apache/cxf/cxf-rt-bindings-soap/2.5.1/cxf-rt-bindings-soap-2.5.1.jar:/home/stephane/.m2/repository/org/apache/cxf/cxf-tools-common/2.5.1/cxf-tools-common-2.5.1.jar:/home/stephane/.m2/repository/org/apache/cxf/cxf-rt-databinding-jaxb/2.5.1/cxf-rt-databinding-jaxb-2.5.1.jar:/home/stephane/.m2/repository/org/apache/cxf/cxf-rt-bindings-xml/2.5.1/cxf-rt-bindings-xml-2.5.1.jar:/home/stephane/.m2/repository/org/apache/cxf/cxf-rt-frontend-simple/2.5.1/cxf-rt-frontend-simple-2.5.1.jar:/home/stephane/.m2/repository/org/apache/cxf/cxf-rt-ws-addr/2.5.1/cxf-rt-ws-addr-2.5.1.jar:/home/stephane/.m2/repository/org/apache/cxf/cxf-rt-transports-http/2.5.1/cxf-rt-transports-http-2.5.1.jar:/home/stephane/.m2/repository/org/apache/cxf/cxf-rt-transports-common/2.5.1/cxf-rt-transports-common-2.5.1.jar:/home/stephane/.m2/repository/org/springframework/spring-web/3.0.6.RELEASE/spring-web-3.0.6.RELEASE.jar:/home/stephane/.m2/repository/aopalliance/aopalliance/1.0/aopalliance-1.0.jar:/home/stephane/.m2/repository/org/springframework/spring-beans/3.1.0.RELEASE/spring-beans-3.1.0.RELEASE.jar:/home/stephane/.m2/repository/org/springframework/spring-core/3.1.0.RELEASE/spring-core-3.1.0.RELEASE.jar:/home/stephane/.m2/repository/org/springframework/spring-asm/3.1.0.RELEASE/spring-asm-3.1.0.RELEASE.jar:/home/stephane/.m2/repository/commons-logging/commons-logging/1.1.1/commons-logging-1.1.1.jar:/home/stephane/.m2/repository/org/springframework/spring-context/3.1.0.RELEASE/spring-context-3.1.0.RELEASE.jar:/home/stephane/.m2/repository/org/springframework/spring-aop/3.1.0.RELEASE/spring-aop-3.1.0.RELEASE.jar:/home/stephane/.m2/repository/org/springframework/spring-expression/3.1.0.RELEASE/spring-expression-3.1.0.RELEASE.jar:/home/stephane/.m2/repository/org/springframework/spring-test/3.1.0.RELEASE/spring-test-3.1.0.RELEASE.jar:"/>
    <property name="java.specification.name" value="Java Platform API Specification"/>
    <property name="java.class.version" value="50.0"/>
    <property name="sun.management.compiler" value="HotSpot Tiered Compilers"/>
    <property name="os.version" value="3.0.0-12-generic"/>
    <property name="user.home" value="/home/stephane"/>
    <property name="user.timezone" value="Europe/Oslo"/>
    <property name="java.awt.printerjob" value="sun.print.PSPrinterJob"/>
    <property name="file.encoding" value="UTF-8"/>
    <property name="java.specification.version" value="1.6"/>
    <property name="user.name" value="stephane"/>
    <property name="java.class.path" value="/home/stephane/work/nki/dev/java/projects/springws/server/target/test-classes:/home/stephane/work/nki/dev/java/projects/springws/server/target/classes:/home/stephane/.m2/repository/junit/junit/4.7/junit-4.7.jar:/home/stephane/.m2/repository/org/slf4j/slf4j-api/1.6.1/slf4j-api-1.6.1.jar:/home/stephane/.m2/repository/org/slf4j/slf4j-log4j12/1.6.1/slf4j-log4j12-1.6.1.jar:/home/stephane/.m2/repository/log4j/log4j/1.2.16/log4j-1.2.16.jar:/home/stephane/.m2/repository/javax/mail/mail/1.4/mail-1.4.jar:/home/stephane/.m2/repository/javax/activation/activation/1.1/activation-1.1.jar:/home/stephane/.m2/repository/joda-time/joda-time/1.6/joda-time-1.6.jar:/home/stephane/.m2/repository/commons-lang/commons-lang/2.6/commons-lang-2.6.jar:/home/stephane/.m2/repository/org/apache/tomcat/servlet-api/6.0.35/servlet-api-6.0.35.jar:/home/stephane/.m2/repository/org/apache/cxf/cxf-rt-core/2.5.1/cxf-rt-core-2.5.1.jar:/home/stephane/.m2/repository/org/apache/cxf/cxf-api/2.5.1/cxf-api-2.5.1.jar:/home/stephane/.m2/repository/org/apache/cxf/cxf-common-utilities/2.5.1/cxf-common-utilities-2.5.1.jar:/home/stephane/.m2/repository/org/apache/ws/xmlschema/xmlschema-core/2.0.1/xmlschema-core-2.0.1.jar:/home/stephane/.m2/repository/org/codehaus/woodstox/woodstox-core-asl/4.1.1/woodstox-core-asl-4.1.1.jar:/home/stephane/.m2/repository/org/codehaus/woodstox/stax2-api/3.1.1/stax2-api-3.1.1.jar:/home/stephane/.m2/repository/org/apache/neethi/neethi/3.0.1/neethi-3.0.1.jar:/home/stephane/.m2/repository/wsdl4j/wsdl4j/1.6.2/wsdl4j-1.6.2.jar:/home/stephane/.m2/repository/com/sun/xml/bind/jaxb-impl/2.1.13/jaxb-impl-2.1.13.jar:/home/stephane/.m2/repository/org/apache/geronimo/specs/geronimo-javamail_1.4_spec/1.7.1/geronimo-javamail_1.4_spec-1.7.1.jar:/home/stephane/.m2/repository/org/apache/cxf/cxf-rt-frontend-jaxws/2.5.1/cxf-rt-frontend-jaxws-2.5.1.jar:/home/stephane/.m2/repository/xml-resolver/xml-resolver/1.2/xml-resolver-1.2.jar:/home/stephane/.m2/repository/asm/asm/3.3/asm-3.3.jar:/home/stephane/.m2/repository/org/apache/cxf/cxf-rt-bindings-soap/2.5.1/cxf-rt-bindings-soap-2.5.1.jar:/home/stephane/.m2/repository/org/apache/cxf/cxf-tools-common/2.5.1/cxf-tools-common-2.5.1.jar:/home/stephane/.m2/repository/org/apache/cxf/cxf-rt-databinding-jaxb/2.5.1/cxf-rt-databinding-jaxb-2.5.1.jar:/home/stephane/.m2/repository/org/apache/cxf/cxf-rt-bindings-xml/2.5.1/cxf-rt-bindings-xml-2.5.1.jar:/home/stephane/.m2/repository/org/apache/cxf/cxf-rt-frontend-simple/2.5.1/cxf-rt-frontend-simple-2.5.1.jar:/home/stephane/.m2/repository/org/apache/cxf/cxf-rt-ws-addr/2.5.1/cxf-rt-ws-addr-2.5.1.jar:/home/stephane/.m2/repository/org/apache/cxf/cxf-rt-transports-http/2.5.1/cxf-rt-transports-http-2.5.1.jar:/home/stephane/.m2/repository/org/apache/cxf/cxf-rt-transports-common/2.5.1/cxf-rt-transports-common-2.5.1.jar:/home/stephane/.m2/repository/org/springframework/spring-web/3.0.6.RELEASE/spring-web-3.0.6.RELEASE.jar:/home/stephane/.m2/repository/aopalliance/aopalliance/1.0/aopalliance-1.0.jar:/home/stephane/.m2/repository/org/springframework/spring-beans/3.1.0.RELEASE/spring-beans-3.1.0.RELEASE.jar:/home/stephane/.m2/repository/org/springframework/spring-core/3.1.0.RELEASE/spring-core-3.1.0.RELEASE.jar:/home/stephane/.m2/repository/org/springframework/spring-asm/3.1.0.RELEASE/spring-asm-3.1.0.RELEASE.jar:/home/stephane/.m2/repository/commons-logging/commons-logging/1.1.1/commons-logging-1.1.1.jar:/home/stephane/.m2/repository/org/springframework/spring-context/3.1.0.RELEASE/spring-context-3.1.0.RELEASE.jar:/home/stephane/.m2/repository/org/springframework/spring-aop/3.1.0.RELEASE/spring-aop-3.1.0.RELEASE.jar:/home/stephane/.m2/repository/org/springframework/spring-expression/3.1.0.RELEASE/spring-expression-3.1.0.RELEASE.jar:/home/stephane/.m2/repository/org/springframework/spring-test/3.1.0.RELEASE/spring-test-3.1.0.RELEASE.jar:"/>
    <property name="java.vm.specification.version" value="1.0"/>
    <property name="sun.arch.data.model" value="32"/>
    <property name="java.home" value="/home/stephane/programs/jdk1.6.0_29/jre"/>
    <property name="sun.java.command" value="/tmp/surefirebooter5588987216720004558.jar /tmp/surefire4840275478725367649tmp /tmp/surefire7657048466139955544tmp"/>
    <property name="java.specification.vendor" value="Sun Microsystems Inc."/>
    <property name="user.language" value="en"/>
    <property name="java.vm.info" value="mixed mode"/>
    <property name="java.version" value="1.6.0_29"/>
    <property name="java.ext.dirs" value="/home/stephane/programs/jdk1.6.0_29/jre/lib/ext:/usr/java/packages/lib/ext"/>
    <property name="sun.boot.class.path" value="/home/stephane/programs/jdk1.6.0_29/jre/lib/resources.jar:/home/stephane/programs/jdk1.6.0_29/jre/lib/rt.jar:/home/stephane/programs/jdk1.6.0_29/jre/lib/sunrsasign.jar:/home/stephane/programs/jdk1.6.0_29/jre/lib/jsse.jar:/home/stephane/programs/jdk1.6.0_29/jre/lib/jce.jar:/home/stephane/programs/jdk1.6.0_29/jre/lib/charsets.jar:/home/stephane/programs/jdk1.6.0_29/jre/lib/modules/jdk.boot.jar:/home/stephane/programs/jdk1.6.0_29/jre/classes"/>
    <property name="java.vendor" value="Sun Microsystems Inc."/>
    <property name="localRepository" value="/home/stephane/.m2/repository"/>
    <property name="file.separator" value="/"/>
    <property name="java.vendor.url.bug" value="http://java.sun.com/cgi-bin/bugreport.cgi"/>
    <property name="sun.cpu.endian" value="little"/>
    <property name="sun.io.unicode.encoding" value="UnicodeLittle"/>
    <property name="sun.desktop" value="gnome"/>
    <property name="sun.cpu.isalist" value=""/>
  </properties>
  <testcase time="3.44" classname="no.nki.springws.server.service.HelloServiceTest" name="testSendText"/>
  <testcase time="0.003" classname="no.nki.springws.server.service.HelloServiceTest" name="testSendTextAdmin"/>
  <testcase time="0.002" classname="no.nki.springws.server.service.HelloServiceTest" name="testgetAdmin"/>
  <testcase time="0.003" classname="no.nki.springws.server.service.HelloServiceTest" name="testMakeBusinessException"/>
</testsuite>